Arguments: 
  /opt/miniconda/envs/nbresuse/bin/node /opt/miniconda/envs/nbresuse/lib/python3.6/site-packages/jupyterlab/staging/yarn.js install

PATH: 
  /Users/williamkrinsman/Classes/CS267/Homework/03/upcxx-2019.3.0/bin:/opt/miniconda/envs/nbresuse/bin:/opt/miniconda/condabin:/opt/miniconda/bin:/usr/local/bin:/usr/local/sbin:/opt/local/bin:/opt/local/sbin:/usr/local/bin:/usr/bin:/bin:/usr/sbin:/sbin:/Library/TeX/texbin:/opt/X11/bin:/Applications/Visual Studio Code.app/Contents/Resources/app/bin

Yarn version: 
  1.9.4

Node version: 
  10.13.0

Platform: 
  darwin x64

Trace: 
  SyntaxError: /Users/williamkrinsman/Research/LBNL/2019/nbresuse/jupyterlab-resuse/package.json: Unexpected token } in JSON at position 1070
      at JSON.parse (<anonymous>)
      at /opt/miniconda/envs/nbresuse/lib/python3.6/site-packages/jupyterlab/staging/yarn.js:1130:59
      at Generator.next (<anonymous>)
      at step (/opt/miniconda/envs/nbresuse/lib/python3.6/site-packages/jupyterlab/staging/yarn.js:92:30)
      at /opt/miniconda/envs/nbresuse/lib/python3.6/site-packages/jupyterlab/staging/yarn.js:103:13

npm manifest: 
  {
    "name": "jupyterlab-resuse",
    "version": "0.1.3",
    "description": "A JupyterLab extension to see resource usage in a tab.",
    "keywords": [
      "jupyter",
      "jupyterlab",
      "jupyterlab-extension",
      "NERSC",
      "HPC"
    ],
    "homepage": "https://github.com/NERSC/",
    "bugs": {
      "url": "https://github.com/NERSC/issues"
    },
    "license": "BSD-3-Clause",
    "author": "William Krinsman, NERSC",
    "files": [
      "lib/**/*.{d.ts,eot,gif,html,jpg,js,js.map,json,png,svg,woff2,ttf}",
      "style/**/*.{css,eot,gif,html,jpg,json,png,svg,woff2,ttf}"
    ],
    "main": "lib/index.js",
    "types": "lib/index.d.ts",
    "repository": {
      "type": "git",
      "url": "https://github.com/NERSC/jupyterlab-slurm.git"
    },
    "scripts": {
      "build": "tsc",
      "clean": "rimraf lib",
      "watch": "tsc -w"
    },
    "dependencies": {
      "@jupyterlab/application": "^0.19.1",
      "@jupyterlab/apputils": "^0.19.1",
      "@jupyterlab/coreutils": "^2.0.2",
      "@phosphor/widgets": "^1.6.0",
      "@types/jquery": "^3.3.4",
      "@types/node": "^11.13.7",
      "jquery": "^3.4.1",
    },
    "devDependencies": {
      "rimraf": "^2.6.1",
      "typescript": "~3.1.0"
    },
    "jupyterlab": {
      "extension": true
    }
  }

yarn manifest: 
  No manifest

Lockfile: 
  No lockfile
